<?xml version="1.0" encoding="UTF-8"?>
<!-- Generated by org.testng.reporters.JUnitXMLReporter -->
<testsuite ignored="2" hostname="LPFKOL015834" failures="0" tests="1" name="Default test" time="27.007" errors="0" timestamp="2024-02-06T15:11:14 IST">
  <testcase classname="testClass_Package.AudiSheetSetupClass" name="CreateAuditSheetButton" time="9.906"/>
  <testcase classname="testClass_Package.AudiSheetSetupClass" name="auditSicon" time="0.0">
    <ignored/>
  </testcase> <!-- auditSicon -->
  <testcase classname="testClass_Package.AudiSheetSetupClass" name="ValidCredentialLoginpage" time="0.0">
    <ignored/>
  </testcase> <!-- ValidCredentialLoginpage -->
</testsuite> <!-- Default test -->
