<?xml version="1.0" encoding="UTF-8"?>
<testng-results ignored="0" total="1" passed="1" failed="0" skipped="0">
  <reporter-output>
  </reporter-output>
  <suite started-at="2024-02-06T15:10:47 IST" name="Default suite" finished-at="2024-02-06T15:11:14 IST" duration-ms="27007">
    <groups>
    </groups>
    <test started-at="2024-02-06T15:10:47 IST" name="Default test" finished-at="2024-02-06T15:11:14 IST" duration-ms="27007">
      <class name="testClass_Package.AudiSheetSetupClass">
        <test-method is-config="true" signature="LoadingConfigFile()[pri:0, instance:testClass_Package.AudiSheetSetupClass@6302bbb1]" started-at="2024-02-06T15:10:47 IST" name="LoadingConfigFile" finished-at="2024-02-06T15:10:47 IST" duration-ms="8" status="PASS">
          <reporter-output>
          </reporter-output>
        </test-method> <!-- LoadingConfigFile -->
        <test-method is-config="true" signature="OpenBrowser()[pri:0, instance:testClass_Package.AudiSheetSetupClass@6302bbb1]" started-at="2024-02-06T15:10:47 IST" name="OpenBrowser" finished-at="2024-02-06T15:11:04 IST" duration-ms="16780" status="PASS">
          <reporter-output>
          </reporter-output>
        </test-method> <!-- OpenBrowser -->
        <test-method signature="CreateAuditSheetButton()[pri:3, instance:testClass_Package.AudiSheetSetupClass@6302bbb1]" started-at="2024-02-06T15:11:04 IST" name="CreateAuditSheetButton" finished-at="2024-02-06T15:11:13 IST" duration-ms="9906" status="PASS">
          <reporter-output>
          </reporter-output>
        </test-method> <!-- CreateAuditSheetButton -->
        <test-method is-config="true" signature="CloseBrowser()[pri:0, instance:testClass_Package.AudiSheetSetupClass@6302bbb1]" started-at="2024-02-06T15:11:13 IST" name="CloseBrowser" finished-at="2024-02-06T15:11:14 IST" duration-ms="285" status="PASS">
          <reporter-output>
          </reporter-output>
        </test-method> <!-- CloseBrowser -->
      </class> <!-- testClass_Package.AudiSheetSetupClass -->
    </test> <!-- Default test -->
  </suite> <!-- Default suite -->
</testng-results>
